2018-05-11 02:47:52 +0000 [MT] Initial pipeline context: <IDEDistributionProcessingPipelineContext: 0x7fd19e29d6a0; archive(resolved)='<IDEArchive: 0x7fd19e24eca0>', distributionTask(resolved)='2', distributionMethod(resolved)='<IDEDistributionMethodiOSAppStoreExport: 0x7fd19e23b120>', team(resolved)='<IDEProvisioningBasicTeam 0x7fd19e278e60: teamID: 929467FPP6, teamName: (null)>'>
	Chain (11, self inclusive):
	<IDEDistributionProcessingPipelineContext: 0x7fd19e29d6a0; archive = '<IDEArchive: 0x7fd19e24eca0>', distributionMethod='<IDEDistributionMethodiOSAppStoreExport: 0x7fd19e23b120>', team='<IDEProvisioningBasicTeam 0x7fd19e278e60: teamID: 929467FPP6, teamName: (null)>'>
	<IDEDistributionProcessingPipelineContext: 0x7fd19e29baa0; archive = '<IDEArchive: 0x7fd19e24eca0>', distributionMethod='<IDEDistributionMethodiOSAppStoreExport: 0x7fd19e23b120>', team='<IDEProvisioningBasicTeam 0x7fd19e278e60: teamID: 929467FPP6, teamName: (null)>'>
	<IDEDistributionContext: 0x7fd19e291640; archive = '<IDEArchive: 0x7fd19e24eca0>', distributionMethod='<IDEDistributionMethodiOSAppStoreExport: 0x7fd19e23b120>', team='<IDEProvisioningBasicTeam 0x7fd19e278e60: teamID: 929467FPP6, teamName: (null)>'>
	<IDEDistributionContext: 0x7fd19e28b9a0; archive = '<IDEArchive: 0x7fd19e24eca0>', distributionMethod='<IDEDistributionMethodiOSAppStoreExport: 0x7fd19e23b120>', team='<IDEProvisioningBasicTeam 0x7fd19e278e60: teamID: 929467FPP6, teamName: (null)>'>
	<IDEDistributionContext: 0x7fd19b7717b0; archive = '<IDEArchive: 0x7fd19e24eca0>', distributionMethod='<IDEDistributionMethodiOSAppStoreExport: 0x7fd19e23b120>', team='<IDEProvisioningBasicTeam 0x7fd19e278e60: teamID: 929467FPP6, teamName: (null)>'>
	<IDEDistributionContext: 0x7fd19e477510; archive = '<IDEArchive: 0x7fd19e24eca0>', distributionMethod='<IDEDistributionMethodiOSAppStoreExport: 0x7fd19e23b120>', team='<IDEProvisioningBasicTeam 0x7fd19e278e60: teamID: 929467FPP6, teamName: (null)>'>
	<IDEDistributionContext: 0x7fd19e27b1c0; archive = '<IDEArchive: 0x7fd19e24eca0>', distributionMethod='<IDEDistributionMethodiOSAppStoreExport: 0x7fd19e23b120>', team='<IDEProvisioningBasicTeam 0x7fd19e278e60: teamID: 929467FPP6, teamName: (null)>'>
	<IDEDistributionContext: 0x7fd19e27a870; archive = '<IDEArchive: 0x7fd19e24eca0>', distributionMethod='<IDEDistributionMethodiOSAppStoreExport: 0x7fd19e23b120>', team='<IDEProvisioningBasicTeam 0x7fd19e278e60: teamID: 929467FPP6, teamName: (null)>'>
	<IDEDistributionContext: 0x7fd199424c20; archive = '<IDEArchive: 0x7fd19e24eca0>', distributionMethod='<IDEDistributionMethodiOSAppStoreExport: 0x7fd19e23b120>', team='<IDEProvisioningBasicTeam 0x7fd19e278e60: teamID: 929467FPP6, teamName: (null)>'>
	<IDEDistributionContext: 0x7fd19e253810; archive = '<IDEArchive: 0x7fd19e24eca0>', distributionMethod='<IDEDistributionMethodiOSAppStoreExport: 0x7fd19e23b120>', team='(null)'>
	<IDEDistributionContext: 0x7fd19e24f3a0; archive = '<IDEArchive: 0x7fd19e24eca0>', distributionMethod='(null)', team='(null)'>
</IDEDistributionProcessingPipelineContext: 0x7fd19e29d6a0>
2018-05-11 02:47:52 +0000 [MT] Processing step: IDEDistributionCreateDestRootStep
2018-05-11 02:47:52 +0000 [MT] Processing step: IDEDistributionCopyItemStep
2018-05-11 02:47:52 +0000 [MT] Running /usr/bin/ditto '-V' '/Users/liusong/LSMakeEmotion/transparentExpression/ipa/transparentExpression.xcarchive/Products/Applications/transparentExpression.app' '/var/folders/3m/m63fnh4x33j9lddbbxrlshvc0000gn/T/XcodeDistPipeline.x0o/Root/Payload/transparentExpression.app'
2018-05-11 02:47:52 +0000  >>> Copying /Users/liusong/LSMakeEmotion/transparentExpression/ipa/transparentExpression.xcarchive/Products/Applications/transparentExpression.app 
2018-05-11 02:47:52 +0000  copying file ./_CodeSignature/CodeResources ... 
2018-05-11 02:47:52 +0000  17933 bytes for ./_CodeSignature/CodeResources
2018-05-11 02:47:52 +0000  copying file ./palette.png ... 
2018-05-11 02:47:52 +0000  240813 bytes for ./palette.png
2018-05-11 02:47:52 +0000  copying file ./AppIcon20x20@2x.png ... 
2018-05-11 02:47:52 +0000  1579 bytes for ./AppIcon20x20@2x.png
copying file ./AppIcon57x57.png ... 
2018-05-11 02:47:52 +0000  2166 bytes for ./AppIcon57x57.png
copying file ./AppIcon20x20@3x.png ... 
2018-05-11 02:47:52 +0000  2321 bytes for ./AppIcon20x20@3x.png
copying file ./AppIcon29x29.png ... 
2018-05-11 02:47:52 +0000  1092 bytes for ./AppIcon29x29.png
copying file ./font2.ttf ... 
2018-05-11 02:47:52 +0000  4086164 bytes for ./font2.ttf
2018-05-11 02:47:52 +0000  copying file ./PlugIns/serviceExtension.appex/_CodeSignature/CodeResources ... 
2846 bytes for ./PlugIns/serviceExtension.appex/_CodeSignature/CodeResources
copying file ./PlugIns/serviceExtension.appex/archived-expanded-entitlements.xcent ... 
2018-05-11 02:47:52 +0000  434 bytes for ./PlugIns/serviceExtension.appex/archived-expanded-entitlements.xcent
copying file ./PlugIns/serviceExtension.appex/serviceExtension ... 
2018-05-11 02:47:52 +0000  95920 bytes for ./PlugIns/serviceExtension.appex/serviceExtension
copying file ./PlugIns/serviceExtension.appex/embedded.mobileprovision ... 
2018-05-11 02:47:52 +0000  16257 bytes for ./PlugIns/serviceExtension.appex/embedded.mobileprovision
2018-05-11 02:47:52 +0000  copying file ./PlugIns/serviceExtension.appex/Info.plist ... 
2018-05-11 02:47:52 +0000  961 bytes for ./PlugIns/serviceExtension.appex/Info.plist
copying file ./AppIcon60x60@2x.png ... 
2018-05-11 02:47:52 +0000  5681 bytes for ./AppIcon60x60@2x.png
2018-05-11 02:47:52 +0000  copying file ./IQKeyboardManager.bundle/de.lproj/IQKeyboardManager.strings ... 
2018-05-11 02:47:52 +0000  489 bytes for ./IQKeyboardManager.bundle/de.lproj/IQKeyboardManager.strings
2018-05-11 02:47:52 +0000  copying file ./IQKeyboardManager.bundle/zh-Hans/IQKeyboardManager.strings ... 
2018-05-11 02:47:52 +0000  479 bytes for ./IQKeyboardManager.bundle/zh-Hans/IQKeyboardManager.strings
2018-05-11 02:47:52 +0000  copying file ./IQKeyboardManager.bundle/zh-Hant/IQKeyboardManager.strings ... 
2018-05-11 02:47:52 +0000  479 bytes for ./IQKeyboardManager.bundle/zh-Hant/IQKeyboardManager.strings
2018-05-11 02:47:52 +0000  copying file ./IQKeyboardManager.bundle/en.lproj/IQKeyboardManager.strings ... 
2018-05-11 02:47:52 +0000  474 bytes for ./IQKeyboardManager.bundle/en.lproj/IQKeyboardManager.strings
2018-05-11 02:47:52 +0000  copying file ./IQKeyboardManager.bundle/es.lproj/IQKeyboardManager.strings ... 
2018-05-11 02:47:52 +0000  496 bytes for ./IQKeyboardManager.bundle/es.lproj/IQKeyboardManager.strings
2018-05-11 02:47:52 +0000  copying file ./IQKeyboardManager.bundle/IQButtonBarArrowRight@2x.png ... 
2018-05-11 02:47:52 +0000  1786 bytes for ./IQKeyboardManager.bundle/IQButtonBarArrowRight@2x.png
2018-05-11 02:47:52 +0000  copying file ./IQKeyboardManager.bundle/IQButtonBarArrowUp@3x.png ... 
2018-05-11 02:47:52 +0000  2164 bytes for ./IQKeyboardManager.bundle/IQButtonBarArrowUp@3x.png
copying file ./IQKeyboardManager.bundle/IQButtonBarArrowUp@2x.png ... 
2018-05-11 02:47:52 +0000  1769 bytes for ./IQKeyboardManager.bundle/IQButtonBarArrowUp@2x.png
copying file ./IQKeyboardManager.bundle/IQButtonBarArrowRight@3x.png ... 
2018-05-11 02:47:52 +0000  1844 bytes for ./IQKeyboardManager.bundle/IQButtonBarArrowRight@3x.png
2018-05-11 02:47:52 +0000  copying file ./IQKeyboardManager.bundle/IQButtonBarArrowLeft@3x.png ... 
2018-05-11 02:47:52 +0000  1815 bytes for ./IQKeyboardManager.bundle/IQButtonBarArrowLeft@3x.png
copying file ./IQKeyboardManager.bundle/fr.lproj/IQKeyboardManager.strings ... 
2018-05-11 02:47:52 +0000  497 bytes for ./IQKeyboardManager.bundle/fr.lproj/IQKeyboardManager.strings
2018-05-11 02:47:52 +0000  copying file ./IQKeyboardManager.bundle/IQButtonBarArrowDown@3x.png ... 
2018-05-11 02:47:52 +0000  2177 bytes for ./IQKeyboardManager.bundle/IQButtonBarArrowDown@3x.png
copying file ./IQKeyboardManager.bundle/IQButtonBarArrowDown@2x.png ... 
2018-05-11 02:47:52 +0000  1764 bytes for ./IQKeyboardManager.bundle/IQButtonBarArrowDown@2x.png
copying file ./IQKeyboardManager.bundle/IQButtonBarArrowLeft@2x.png ... 
2018-05-11 02:47:52 +0000  1793 bytes for ./IQKeyboardManager.bundle/IQButtonBarArrowLeft@2x.png
2018-05-11 02:47:52 +0000  copying file ./font3.ttf ... 
2018-05-11 02:47:52 +0000  1707520 bytes for ./font3.ttf
copying file ./AppIcon29x29@2x.png ... 
2018-05-11 02:47:52 +0000  2212 bytes for ./AppIcon29x29@2x.png
copying file ./font1.ttf ... 
2018-05-11 02:47:52 +0000  4016288 bytes for ./font1.ttf
2018-05-11 02:47:52 +0000  copying file ./AppIcon40x40@3x.png ... 
5681 bytes for ./AppIcon40x40@3x.png
copying file ./AppIcon57x57@2x.png ... 
5339 bytes for ./AppIcon57x57@2x.png
copying file ./AppIcon40x40@2x.png ... 
3412 bytes for ./AppIcon40x40@2x.png
copying file ./AppIcon29x29@3x.png ... 
2018-05-11 02:47:52 +0000  3851 bytes for ./AppIcon29x29@3x.png
copying file ./AppIcon60x60@3x.png ... 
2018-05-11 02:47:52 +0000  9478 bytes for ./AppIcon60x60@3x.png
2018-05-11 02:47:52 +0000  copying file ./Base.lproj/Main.storyboardc/NEE-8e-FLD-view-cG3-ja-Yhq.nib ... 
2018-05-11 02:47:52 +0000  5935 bytes for ./Base.lproj/Main.storyboardc/NEE-8e-FLD-view-cG3-ja-Yhq.nib
2018-05-11 02:47:52 +0000  copying file ./Base.lproj/Main.storyboardc/UINavigationController-Etx-gs-nEk.nib ... 
2018-05-11 02:47:52 +0000  2376 bytes for ./Base.lproj/Main.storyboardc/UINavigationController-Etx-gs-nEk.nib
copying file ./Base.lproj/Main.storyboardc/BYZ-38-t0r-view-8bC-Xf-vdC.nib ... 
2018-05-11 02:47:52 +0000  15212 bytes for ./Base.lproj/Main.storyboardc/BYZ-38-t0r-view-8bC-Xf-vdC.nib
copying file ./Base.lproj/Main.storyboardc/UIViewController-NEE-8e-FLD.nib ... 
2018-05-11 02:47:52 +0000  938 bytes for ./Base.lproj/Main.storyboardc/UIViewController-NEE-8e-FLD.nib
copying file ./Base.lproj/Main.storyboardc/Info.plist ... 
2018-05-11 02:47:52 +0000  351 bytes for ./Base.lproj/Main.storyboardc/Info.plist
2018-05-11 02:47:52 +0000  copying file ./Base.lproj/LaunchScreen.storyboardc/01J-lp-oVM-view-Ze5-6b-2t3.nib ... 
2018-05-11 02:47:52 +0000  1790 bytes for ./Base.lproj/LaunchScreen.storyboardc/01J-lp-oVM-view-Ze5-6b-2t3.nib
2018-05-11 02:47:52 +0000  copying file ./Base.lproj/LaunchScreen.storyboardc/UIViewController-01J-lp-oVM.nib ... 
2018-05-11 02:47:52 +0000  832 bytes for ./Base.lproj/LaunchScreen.storyboardc/UIViewController-01J-lp-oVM.nib
copying file ./Base.lproj/LaunchScreen.storyboardc/Info.plist ... 
2018-05-11 02:47:52 +0000  258 bytes for ./Base.lproj/LaunchScreen.storyboardc/Info.plist
2018-05-11 02:47:52 +0000  copying file ./archived-expanded-entitlements.xcent ... 
2018-05-11 02:47:52 +0000  246 bytes for ./archived-expanded-entitlements.xcent
copying file ./Assets.car ... 
2018-05-11 02:47:52 +0000  228536 bytes for ./Assets.car
copying file ./transparentExpression ... 
2018-05-11 02:47:52 +0000  2799584 bytes for ./transparentExpression
copying file ./embedded.mobileprovision ... 
2018-05-11 02:47:52 +0000  16210 bytes for ./embedded.mobileprovision
copying file ./Info.plist ... 
1560 bytes for ./Info.plist
copying file ./PkgInfo ... 
2018-05-11 02:47:52 +0000  8 bytes for ./PkgInfo
2018-05-11 02:47:52 +0000  
2018-05-11 02:47:52 +0000  
2018-05-11 02:47:52 +0000 [MT] /usr/bin/ditto exited with 02018-05-11 02:47:52 +0000  
2018-05-11 02:47:52 +0000  

2018-05-11 02:47:52 +0000  2018-05-11 02:47:52 +0000  

2018-05-11 02:47:52 +0000 [MT] Processing step: IDEDistributionEmbedProfileStep
2018-05-11 02:47:52 +0000 [MT] Processing step: IDEDistributionItemRemovalStep
2018-05-11 02:47:52 +0000 [MT] Processing step: IDEDistributionAppThinningPlistStep
2018-05-11 02:47:52 +0000 [MT] Skipping step: IDEDistributionAppThinningPlistStep because it said so
2018-05-11 02:47:52 +0000 [MT] Processing step: IDEDistributionCompileBitcodeStep
2018-05-11 02:47:52 +0000 [MT] Skipping step: IDEDistributionCompileBitcodeStep because it said so
2018-05-11 02:47:52 +0000 [MT] Processing step: IDEDistributionCodeSlimmingStep
2018-05-11 02:47:52 +0000 [MT] Processing step: IDEDistributionCopyBCSymbolMapsStep
2018-05-11 02:47:52 +0000 [MT] Running /usr/bin/ditto '-V' '/Users/liusong/LSMakeEmotion/transparentExpression/ipa/transparentExpression.xcarchive/BCSymbolMaps/B2497BF7-ECB2-3B9A-883B-1087CFE54DCB.bcsymbolmap' '/var/folders/3m/m63fnh4x33j9lddbbxrlshvc0000gn/T/XcodeDistPipeline.x0o/Root/BCSymbolMaps/B2497BF7-ECB2-3B9A-883B-1087CFE54DCB.bcsymbolmap'
2018-05-11 02:47:52 +0000  >>> Copying /Users/liusong/LSMakeEmotion/transparentExpression/ipa/transparentExpression.xcarchive/BCSymbolMaps/B2497BF7-ECB2-3B9A-883B-1087CFE54DCB.bcsymbolmap 
2018-05-11 02:47:52 +0000  copying file ./B2497BF7-ECB2-3B9A-883B-1087CFE54DCB.bcsymbolmap ... 
2018-05-11 02:47:52 +0000  1523 bytes for ./B2497BF7-ECB2-3B9A-883B-1087CFE54DCB.bcsymbolmap
2018-05-11 02:47:52 +0000  
2018-05-11 02:47:52 +0000  2018-05-11 02:47:52 +0000 [MT] /usr/bin/ditto exited with 0
2018-05-11 02:47:52 +0000  

2018-05-11 02:47:52 +0000  
2018-05-11 02:47:52 +0000  
2018-05-11 02:47:52 +0000 [MT] Running /usr/bin/ditto '-V' '/Users/liusong/LSMakeEmotion/transparentExpression/ipa/transparentExpression.xcarchive/BCSymbolMaps/E1AC13DD-0930-3C10-AA3F-61BD0E1B093A.bcsymbolmap' '/var/folders/3m/m63fnh4x33j9lddbbxrlshvc0000gn/T/XcodeDistPipeline.x0o/Root/BCSymbolMaps/E1AC13DD-0930-3C10-AA3F-61BD0E1B093A.bcsymbolmap'
2018-05-11 02:47:52 +0000  >>> Copying /Users/liusong/LSMakeEmotion/transparentExpression/ipa/transparentExpression.xcarchive/BCSymbolMaps/E1AC13DD-0930-3C10-AA3F-61BD0E1B093A.bcsymbolmap 
2018-05-11 02:47:52 +0000  copying file ./E1AC13DD-0930-3C10-AA3F-61BD0E1B093A.bcsymbolmap ... 
2018-05-11 02:47:52 +0000  71830 bytes for ./E1AC13DD-0930-3C10-AA3F-61BD0E1B093A.bcsymbolmap
2018-05-11 02:47:52 +0000  2018-05-11 02:47:52 +0000  

2018-05-11 02:47:52 +0000 [MT] /usr/bin/ditto exited with 02018-05-11 02:47:52 +0000  
2018-05-11 02:47:52 +0000  

2018-05-11 02:47:52 +0000  
2018-05-11 02:47:52 +0000  
2018-05-11 02:47:52 +0000 [MT] Running /usr/bin/ditto '-V' '/Users/liusong/LSMakeEmotion/transparentExpression/ipa/transparentExpression.xcarchive/BCSymbolMaps/04E16DB3-EEEC-3CCD-8C54-C768E2881ED6.bcsymbolmap' '/var/folders/3m/m63fnh4x33j9lddbbxrlshvc0000gn/T/XcodeDistPipeline.x0o/Root/BCSymbolMaps/04E16DB3-EEEC-3CCD-8C54-C768E2881ED6.bcsymbolmap'
2018-05-11 02:47:52 +0000  >>> Copying /Users/liusong/LSMakeEmotion/transparentExpression/ipa/transparentExpression.xcarchive/BCSymbolMaps/04E16DB3-EEEC-3CCD-8C54-C768E2881ED6.bcsymbolmap 
2018-05-11 02:47:52 +0000  copying file ./04E16DB3-EEEC-3CCD-8C54-C768E2881ED6.bcsymbolmap ... 
2018-05-11 02:47:52 +0000  69048 bytes for ./04E16DB3-EEEC-3CCD-8C54-C768E2881ED6.bcsymbolmap
2018-05-11 02:47:52 +0000  2018-05-11 02:47:52 +0000  

2018-05-11 02:47:52 +0000 [MT] /usr/bin/ditto exited with 02018-05-11 02:47:52 +0000  
2018-05-11 02:47:52 +0000  

2018-05-11 02:47:52 +0000 [MT] Processing step: IDEDistributionSymbolsStep
2018-05-11 02:47:52 +0000 [MT] Excluding symbols for serviceExtension.appex
2018-05-11 02:47:52 +0000 [MT] Excluding symbols for transparentExpression.app
2018-05-11 02:47:52 +0000 [MT] Processing step: IDEDistributionCopyAppleProvidedContentStep
2018-05-11 02:47:52 +0000 [MT] Processing step: IDEDistributionAppThinningStep
2018-05-11 02:47:52 +0000 [MT] Skipping step: IDEDistributionAppThinningStep because it said so
2018-05-11 02:47:52 +0000 [MT] Processing step: IDEDistributionODRStep
2018-05-11 02:47:52 +0000 [MT] Processing step: IDEDistributionStripXattrsStep
2018-05-11 02:47:52 +0000 [MT] Skipping stripping extended attributes of item: <IDEDistributionItem: 0x7fd19e342700 'com.liusong.transparentEmoticon.serviceExtension' '<DVTFilePath:0x7fd19e4161e0:'/Users/liusong/LSMakeEmotion/transparentExpression/ipa/transparentExpression.xcarchive/Products/Applications/transparentExpression.app/PlugIns/serviceExtension.appex'>'>
2018-05-11 02:47:52 +0000 [MT] Running /usr/bin/xattr '-crs' '/var/folders/3m/m63fnh4x33j9lddbbxrlshvc0000gn/T/XcodeDistPipeline.x0o/Root/Payload/transparentExpression.app'
2018-05-11 02:47:52 +0000  2018-05-11 02:47:52 +0000  

2018-05-11 02:47:52 +0000 [MT] /usr/bin/xattr exited with 0
2018-05-11 02:47:52 +0000  
2018-05-11 02:47:52 +0000  
2018-05-11 02:47:52 +0000 [MT] Processing step: IDEDistributionCodesignStep
2018-05-11 02:47:52 +0000 [MT] Applying entitlements delta for <IDEDistributionItem: 0x7fd19e342700 'com.liusong.transparentEmoticon.serviceExtension' '<DVTFilePath:0x7fd19e4161e0:'/Users/liusong/LSMakeEmotion/transparentExpression/ipa/transparentExpression.xcarchive/Products/Applications/transparentExpression.app/PlugIns/serviceExtension.appex'>'> from <IDEiCloudEntitlementsProcessor: 0x7fd19e45bfb0>: {
}
2018-05-11 02:47:52 +0000 [MT] Entitlements for <IDEDistributionItem: 0x7fd19e342700 'com.liusong.transparentEmoticon.serviceExtension' '<DVTFilePath:0x7fd19e4161e0:'/Users/liusong/LSMakeEmotion/transparentExpression/ipa/transparentExpression.xcarchive/Products/Applications/transparentExpression.app/PlugIns/serviceExtension.appex'>'>: {
    "application-identifier" = "929467FPP6.com.liusong.transparentEmoticon.serviceExtension";
    "beta-reports-active" = 1;
    "com.apple.developer.team-identifier" = 929467FPP6;
    "get-task-allow" = 0;
    "keychain-access-groups" =     (
        "929467FPP6.com.liusong.transparentEmoticon.serviceExtension"
    );
}
2018-05-11 02:47:52 +0000 [MT] Writing entitlements for <IDEDistributionItem: 0x7fd19e342700 'com.liusong.transparentEmoticon.serviceExtension' '<DVTFilePath:0x7fd19e4161e0:'/Users/liusong/LSMakeEmotion/transparentExpression/ipa/transparentExpression.xcarchive/Products/Applications/transparentExpression.app/PlugIns/serviceExtension.appex'>'> to: /var/folders/3m/m63fnh4x33j9lddbbxrlshvc0000gn/T/XcodeDistPipeline.x0o/entitlementsDIBlCo
2018-05-11 02:47:52 +0000 [MT] Running /usr/bin/codesign '-vvv' '--force' '--sign' '9BB28245B4F293E3D85917F3A4A029A10A0BFA1E' '--preserve-metadata=identifier,flags' '--entitlements' '/var/folders/3m/m63fnh4x33j9lddbbxrlshvc0000gn/T/XcodeDistPipeline.x0o/entitlementsDIBlCo' '/var/folders/3m/m63fnh4x33j9lddbbxrlshvc0000gn/T/XcodeDistPipeline.x0o/Root/Payload/transparentExpression.app/PlugIns/serviceExtension.appex'
2018-05-11 02:47:52 +0000  /var/folders/3m/m63fnh4x33j9lddbbxrlshvc0000gn/T/XcodeDistPipeline.x0o/Root/Payload/transparentExpression.app/PlugIns/serviceExtension.appex: signed bundle with Mach-O thin (arm64) [com.liusong.transparentEmoticon.serviceExtension]
2018-05-11 02:47:52 +0000  
2018-05-11 02:47:52 +0000  
2018-05-11 02:47:52 +0000  
2018-05-11 02:47:52 +0000  
2018-05-11 02:47:52 +0000  
2018-05-11 02:47:52 +0000  
2018-05-11 02:47:52 +0000  
2018-05-11 02:47:52 +0000  
2018-05-11 02:47:52 +0000  
2018-05-11 02:47:52 +0000  
2018-05-11 02:47:52 +0000  
2018-05-11 02:47:52 +0000  
2018-05-11 02:47:52 +0000  
2018-05-11 02:47:52 +0000  
2018-05-11 02:47:52 +0000  
2018-05-11 02:47:52 +0000  
2018-05-11 02:47:52 +0000  
2018-05-11 02:47:52 +0000  
2018-05-11 02:47:52 +0000  
2018-05-11 02:47:52 +0000  
2018-05-11 02:47:52 +0000  
2018-05-11 02:47:52 +0000  
2018-05-11 02:47:52 +0000 [MT] /usr/bin/codesign exited with 0
2018-05-11 02:47:52 +0000  
2018-05-11 02:47:52 +0000  
2018-05-11 02:47:52 +0000 [MT] Applying entitlements delta for <IDEDistributionItem: 0x7fd19e270db0 'com.liusong.transparentEmoticon' '<DVTFilePath:0x7fd19e24efe0:'/Users/liusong/LSMakeEmotion/transparentExpression/ipa/transparentExpression.xcarchive/Products/Applications/transparentExpression.app'>'> from <IDEiCloudEntitlementsProcessor: 0x7fd19e4526c0>: {
}
2018-05-11 02:47:52 +0000 [MT] Entitlements for <IDEDistributionItem: 0x7fd19e270db0 'com.liusong.transparentEmoticon' '<DVTFilePath:0x7fd19e24efe0:'/Users/liusong/LSMakeEmotion/transparentExpression/ipa/transparentExpression.xcarchive/Products/Applications/transparentExpression.app'>'>: {
    "application-identifier" = "929467FPP6.com.liusong.transparentEmoticon";
    "aps-environment" = production;
    "beta-reports-active" = 1;
    "com.apple.developer.team-identifier" = 929467FPP6;
    "get-task-allow" = 0;
}
2018-05-11 02:47:52 +0000 [MT] Writing entitlements for <IDEDistributionItem: 0x7fd19e270db0 'com.liusong.transparentEmoticon' '<DVTFilePath:0x7fd19e24efe0:'/Users/liusong/LSMakeEmotion/transparentExpression/ipa/transparentExpression.xcarchive/Products/Applications/transparentExpression.app'>'> to: /var/folders/3m/m63fnh4x33j9lddbbxrlshvc0000gn/T/XcodeDistPipeline.x0o/entitlementsbgZsPg
2018-05-11 02:47:52 +0000 [MT] Running /usr/bin/codesign '-vvv' '--force' '--sign' '9BB28245B4F293E3D85917F3A4A029A10A0BFA1E' '--preserve-metadata=identifier,flags' '--entitlements' '/var/folders/3m/m63fnh4x33j9lddbbxrlshvc0000gn/T/XcodeDistPipeline.x0o/entitlementsbgZsPg' '/var/folders/3m/m63fnh4x33j9lddbbxrlshvc0000gn/T/XcodeDistPipeline.x0o/Root/Payload/transparentExpression.app'
2018-05-11 02:47:52 +0000  /var/folders/3m/m63fnh4x33j9lddbbxrlshvc0000gn/T/XcodeDistPipeline.x0o/Root/Payload/transparentExpression.app: signed app bundle with Mach-O universal (armv7 arm64) [com.liusong.transparentEmoticon]
2018-05-11 02:47:52 +0000  
2018-05-11 02:47:52 +0000  
2018-05-11 02:47:52 +0000  
2018-05-11 02:47:52 +0000  
2018-05-11 02:47:52 +0000  
2018-05-11 02:47:52 +0000  
2018-05-11 02:47:52 +0000  
2018-05-11 02:47:52 +0000  
2018-05-11 02:47:52 +0000  
2018-05-11 02:47:52 +0000  
2018-05-11 02:47:52 +0000  
2018-05-11 02:47:52 +0000  
2018-05-11 02:47:52 +0000  
2018-05-11 02:47:52 +0000  
2018-05-11 02:47:52 +0000  
2018-05-11 02:47:52 +0000  
2018-05-11 02:47:52 +0000  
2018-05-11 02:47:52 +0000  
2018-05-11 02:47:52 +0000  
2018-05-11 02:47:52 +0000  
2018-05-11 02:47:52 +0000 [MT] /usr/bin/codesign exited with 0
2018-05-11 02:47:52 +0000  2018-05-11 02:47:52 +0000  

2018-05-11 02:47:52 +0000 [MT] Processing step: IDEDistributionStreamingZipItemStep
2018-05-11 02:47:52 +0000 [MT] Skipping step: IDEDistributionStreamingZipItemStep because it said so
2018-05-11 02:47:52 +0000 [MT] Skipping step: IDEDistributionStreamingZipItemStep because it said so
2018-05-11 02:47:52 +0000 [MT] Processing step: IDEDistributionCreateIPAStep
2018-05-11 02:47:52 +0000 [MT] Running /usr/bin/ditto '-V' '-c' '-k' '--norsrc' '/var/folders/3m/m63fnh4x33j9lddbbxrlshvc0000gn/T/XcodeDistPipeline.x0o/Root' '/var/folders/3m/m63fnh4x33j9lddbbxrlshvc0000gn/T/XcodeDistPipeline.x0o/Packages/transparentExpression.ipa'
2018-05-11 02:47:52 +0000  >>> Copying /var/folders/3m/m63fnh4x33j9lddbbxrlshvc0000gn/T/XcodeDistPipeline.x0o/Root 
2018-05-11 02:47:52 +0000  copying file ./BCSymbolMaps/04E16DB3-EEEC-3CCD-8C54-C768E2881ED6.bcsymbolmap ... 
2018-05-11 02:47:52 +0000  69048 bytes for ./BCSymbolMaps/04E16DB3-EEEC-3CCD-8C54-C768E2881ED6.bcsymbolmap
copying file ./BCSymbolMaps/B2497BF7-ECB2-3B9A-883B-1087CFE54DCB.bcsymbolmap ... 
2018-05-11 02:47:52 +0000  1523 bytes for ./BCSymbolMaps/B2497BF7-ECB2-3B9A-883B-1087CFE54DCB.bcsymbolmap
copying file ./BCSymbolMaps/E1AC13DD-0930-3C10-AA3F-61BD0E1B093A.bcsymbolmap ... 
2018-05-11 02:47:52 +0000  71830 bytes for ./BCSymbolMaps/E1AC13DD-0930-3C10-AA3F-61BD0E1B093A.bcsymbolmap
2018-05-11 02:47:52 +0000  copying file ./Payload/transparentExpression.app/_CodeSignature/CodeResources ... 
2018-05-11 02:47:52 +0000  17933 bytes for ./Payload/transparentExpression.app/_CodeSignature/CodeResources
copying file ./Payload/transparentExpression.app/palette.png ... 
2018-05-11 02:47:52 +0000  240813 bytes for ./Payload/transparentExpression.app/palette.png
copying file ./Payload/transparentExpression.app/AppIcon20x20@2x.png ... 
2018-05-11 02:47:52 +0000  1579 bytes for ./Payload/transparentExpression.app/AppIcon20x20@2x.png
copying file ./Payload/transparentExpression.app/AppIcon57x57.png ... 
2018-05-11 02:47:52 +0000  2166 bytes for ./Payload/transparentExpression.app/AppIcon57x57.png
copying file ./Payload/transparentExpression.app/AppIcon20x20@3x.png ... 
2018-05-11 02:47:52 +0000  2321 bytes for ./Payload/transparentExpression.app/AppIcon20x20@3x.png
copying file ./Payload/transparentExpression.app/AppIcon29x29.png ... 
1092 bytes for ./Payload/transparentExpression.app/AppIcon29x29.png
copying file ./Payload/transparentExpression.app/font2.ttf ... 
2018-05-11 02:47:53 +0000  4086164 bytes for ./Payload/transparentExpression.app/font2.ttf
2018-05-11 02:47:53 +0000  copying file ./Payload/transparentExpression.app/PlugIns/serviceExtension.appex/_CodeSignature/CodeResources ... 
2846 bytes for ./Payload/transparentExpression.app/PlugIns/serviceExtension.appex/_CodeSignature/CodeResources
copying file ./Payload/transparentExpression.app/PlugIns/serviceExtension.appex/archived-expanded-entitlements.xcent ... 
434 bytes for ./Payload/transparentExpression.app/PlugIns/serviceExtension.appex/archived-expanded-entitlements.xcent
copying file ./Payload/transparentExpression.app/PlugIns/serviceExtension.appex/serviceExtension ... 
71824 bytes for ./Payload/transparentExpression.app/PlugIns/serviceExtension.appex/serviceExtension
copying file ./Payload/transparentExpression.app/PlugIns/serviceExtension.appex/embedded.mobileprovision ... 
7488 bytes for ./Payload/transparentExpression.app/PlugIns/serviceExtension.appex/embedded.mobileprovision
copying file ./Payload/transparentExpression.app/PlugIns/serviceExtension.appex/Info.plist ... 
961 bytes for ./Payload/transparentExpression.app/PlugIns/serviceExtension.appex/Info.plist
copying file ./Payload/transparentExpression.app/AppIcon60x60@2x.png ... 
5681 bytes for ./Payload/transparentExpression.app/AppIcon60x60@2x.png
copying file ./Payload/transparentExpression.app/IQKeyboardManager.bundle/de.lproj/IQKeyboardManager.strings ... 
489 bytes for ./Payload/transparentExpression.app/IQKeyboardManager.bundle/de.lproj/IQKeyboardManager.strings
copying file ./Payload/transparentExpression.app/IQKeyboardManager.bundle/zh-Hans/IQKeyboardManager.strings ... 
479 bytes for ./Payload/transparentExpression.app/IQKeyboardManager.bundle/zh-Hans/IQKeyboardManager.strings
copying file ./Payload/transparentExpression.app/IQKeyboardManager.bundle/zh-Hant/IQKeyboardManager.strings ... 
479 bytes for ./Payload/transparentExpression.app/IQKeyboardManager.bundle/zh-Hant/IQKeyboardManager.strings
copying file ./Payload/transparentExpression.app/IQKeyboardManager.bundle/en.lproj/IQKeyboardManager.strings ... 
474 bytes for ./Payload/transparentExpression.app/IQKeyboardManager.bundle/en.lproj/IQKeyboardManager.strings
copying file ./Payload/transparentExpression.app/IQKeyboardManager.bundle/es.lproj/IQKeyboardManager.strings ... 
496 bytes for ./Payload/transparentExpression.app/IQKeyboardManager.bundle/es.lproj/IQKeyboardManager.strings
copying file ./Payload/transparentExpression.app/IQKeyboardManager.bundle/IQButtonBarArrowRight@2x.png ... 
1786 bytes for ./Payload/transparentExpression.app/IQKeyboardManager.bundle/IQButtonBarArrowRight@2x.png
copying file ./Payload/transparentExpression.app/IQKeyboardManager.bundle/IQButtonBarArrowUp@3x.png ... 
2164 bytes for ./Payload/transparentExpression.app/IQKeyboardManager.bundle/IQButtonBarArrowUp@3x.png
copying file ./Payload/transparentExpression.app/IQKeyboardManager.bundle/IQButtonBarArrowUp@2x.png ... 
1769 bytes for ./Payload/transparentExpression.app/IQKeyboardManager.bundle/IQButtonBarArrowUp@2x.png
copying file ./Payload/transparentExpression.app/IQKeyboardManager.bundle/IQButtonBarArrowRight@3x.png ... 
1844 bytes for ./Payload/transparentExpression.app/IQKeyboardManager.bundle/IQButtonBarArrowRight@3x.png
copying file ./Payload/transparentExpression.app/IQKeyboardManager.bundle/IQButtonBarArrowLeft@3x.png ... 
1815 bytes for ./Payload/transparentExpression.app/IQKeyboardManager.bundle/IQButtonBarArrowLeft@3x.png
copying file ./Payload/transparentExpression.app/IQKeyboardManager.bundle/fr.lproj/IQKeyboardManager.strings ... 
497 bytes for ./Payload/transparentExpression.app/IQKeyboardManager.bundle/fr.lproj/IQKeyboardManager.strings
copying file ./Payload/transparentExpression.app/IQKeyboardManager.bundle/IQButtonBarArrowDown@3x.png ... 
2177 bytes for ./Payload/transparentExpression.app/IQKeyboardManager.bundle/IQButtonBarArrowDown@3x.png
copying file ./Payload/transparentExpression.app/IQKeyboardManager.bundle/IQButtonBarArrowDown@2x.png ... 
1764 bytes for ./Payload/transparentExpression.app/IQKeyboardManager.bundle/IQButtonBarArrowDown@2x.png
copying file ./Payload/transparentExpression.app/IQKeyboardManager
2018-05-11 02:47:53 +0000  .bundle/IQButtonBarArrowLeft@2x.png ... 
1793 bytes for ./Payload/transparentExpression.app/IQKeyboardManager.bundle/IQButtonBarArrowLeft@2x.png
copying file ./Payload/transparentExpression.app/font3.ttf ... 
2018-05-11 02:47:53 +0000  1707520 bytes for ./Payload/transparentExpression.app/font3.ttf
copying file ./Payload/transparentExpression.app/AppIcon29x29@2x.png ... 
2018-05-11 02:47:53 +0000  2212 bytes for ./Payload/transparentExpression.app/AppIcon29x29@2x.png
copying file ./Payload/transparentExpression.app/font1.ttf ... 
2018-05-11 02:47:53 +0000  4016288 bytes for ./Payload/transparentExpression.app/font1.ttf
copying file ./Payload/transparentExpression.app/AppIcon40x40@3x.png ... 
2018-05-11 02:47:53 +0000  5681 bytes for ./Payload/transparentExpression.app/AppIcon40x40@3x.png
copying file ./Payload/transparentExpression.app/AppIcon57x57@2x.png ... 
5339 bytes for ./Payload/transparentExpression.app/AppIcon57x57@2x.png
copying file ./Payload/transparentExpression.app/AppIcon40x40@2x.png ... 
3412 bytes for ./Payload/transparentExpression.app/AppIcon40x40@2x.png
copying file ./Payload/transparentExpression.app/AppIcon29x29@3x.png ... 
3851 bytes for ./Payload/transparentExpression.app/AppIcon29x29@3x.png
copying file ./Payload/transparentExpression.app/AppIcon60x60@3x.png ... 
9478 bytes for ./Payload/transparentExpression.app/AppIcon60x60@3x.png
copying file ./Payload/transparentExpression.app/Base.lproj/Main.storyboardc/NEE-8e-FLD-view-cG3-ja-Yhq.nib ... 
5935 bytes for ./Payload/transparentExpression.app/Base.lproj/Main.storyboardc/NEE-8e-FLD-view-cG3-ja-Yhq.nib
copying file ./Payload/transparentExpression.app/Base.lproj/Main.storyboardc/UINavigationController-Etx-gs-nEk.nib ... 
2376 bytes for ./Payload/transparentExpression.app/Base.lproj/Main.storyboardc/UINavigationController-Etx-gs-nEk.nib
copying file ./Payload/transparentExpression.app/Base.lproj/Main.storyboardc/BYZ-38-t0r-view-8bC-Xf-vdC.nib ... 
15212 bytes for ./Payload/transparentExpression.app/Base.lproj/Main.storyboardc/BYZ-38-t0r-view-8bC-Xf-vdC.nib
copying file ./Payload/transparentExpression.app/Base.lproj/Main.storyboardc/UIViewController-NEE-8e-FLD.nib ... 
938 bytes for ./Payload/transparentExpression.app/Base.lproj/Main.storyboardc/UIViewController-NEE-8e-FLD.nib
copying file ./Payload/transparentExpression.app/Base.lproj/Main.storyboardc/Info.plist ... 
351 bytes for ./Payload/transparentExpression.app/Base.lproj/Main.storyboardc/Info.plist
copying file ./Payload/transparentExpression.app/Base.lproj/LaunchScreen.storyboardc/01J-lp-oVM-view-Ze5-6b-2t3.nib ... 
1790 bytes for ./Payload/transparentExpression.app/Base.lproj/LaunchScreen.storyboardc/01J-lp-oVM-view-Ze5-6b-2t3.nib
copying file ./Payload/transparentExpression.app/Base.lproj/LaunchScreen.storyboardc/UIViewController-01J-lp-oVM.nib ... 
832 bytes for ./Payload/transparentExpression.app/Base.lproj/LaunchScreen.storyboardc/UIViewController-01J-lp-oVM.nib
copying file ./Payload/transparentExpression.app/Base.lproj/LaunchScreen.storyboardc/Info.plist ... 
258 bytes for ./Payload/transparentExpression.app/Base.lproj/LaunchScreen.storyboardc/Info.plist
copying file ./Payload/transparentExpression.app/archived-expanded-entitlements.xcent ... 
246 bytes for ./Payload/transparentExpression.app/archived-expanded-entitlements.xcent
copying file ./Payload/transparentExpression.app/Assets.car ... 
2018-05-11 02:47:53 +0000  228536 bytes for ./Payload/transparentExpression.app/Assets.car
copying file ./Payload/transparentExpression.app/transparentExpression ... 
2018-05-11 02:47:53 +0000  2253232 bytes for ./Payload/transparentExpression.app/transparentExpression
copying file ./Payload/transparentExpression.app/embedded.mobileprovision ... 
2018-05-11 02:47:53 +0000  7596 bytes for ./Payload/transparentExpression.app/embedded.mobileprovision
copying file ./Payload/transparentExpression.app/Info.plist ... 
1560 bytes for ./Payload/transparentExpression.app/Info.plist
copying file ./Payload/transparentExpression.app/PkgInfo ... 
8 bytes for ./Payload/transparentExpression.app/PkgInfo
2018-05-11 02:47:53 +0000  2018-05-11 02:47:53 +0000 [MT] /usr/bin/ditto exited with 0

2018-05-11 02:47:53 +0000  
2018-05-11 02:47:53 +0000  
2018-05-11 02:47:53 +0000 [MT] Processing step: IDEDistributionCreateManifestStep
2018-05-11 02:47:53 +0000 [MT] Skipping step: IDEDistributionCreateManifestStep because it said so
